#
# There is insufficient memory for the Java Runtime Environment to continue.
# Native memory allocation (mmap) failed to map 266338304 bytes. Error detail: G1 virtual space
# Possible reasons:
#   The system is out of physical RAM or swap space
#   This process is running with CompressedOops enabled, and the Java Heap may be blocking the growth of the native heap
# Possible solutions:
#   Reduce memory load on the system
#   Increase physical memory or swap space
#   Check if swap backing store is full
#   Decrease Java heap size (-Xmx/-Xms)
#   Decrease number of Java threads
#   Decrease Java thread stack sizes (-Xss)
#   Set larger code cache with -XX:ReservedCodeCacheSize=
#   JVM is running with Zero Based Compressed Oops mode in which the Java heap is
#     placed in the first 32GB address space. The Java Heap base address is the
#     maximum limit for the native heap growth. Please use -XX:HeapBaseMinAddress
#     to set the Java Heap base and to place the Java Heap above 32GB virtual address.
# This output file may be truncated or incomplete.
#
#  Out of Memory Error (os_windows.cpp:3703), pid=26304, tid=38600
#
# JRE version:  (23.0+37) (build )
# Java VM: Java HotSpot(TM) 64-Bit Server VM (23+37-2369, mixed mode, sharing, tiered, compressed oops, compressed class ptrs, g1 gc, windows-amd64)
# No core dump will be written. Minidumps are not enabled by default on client versions of Windows
#

---------------  S U M M A R Y ------------

Command Line: -Dclassworlds.conf=C:\Program Files\Apache-Maven\apache-maven-3.9.9\bin\m2.conf -Dmaven.home=C:\Program Files\Apache-Maven\apache-maven-3.9.9 -Dlibrary.jansi.path=C:\Program Files\Apache-Maven\apache-maven-3.9.9\lib\jansi-native -Dmaven.multiModuleProjectDirectory=C:\Users\Ronyz\OneDrive\Desktop\Sem 10\ACL\final Project 1\AdminService org.codehaus.plexus.classworlds.launcher.Launcher clean install -DskipTests

Host: Intel(R) Core(TM) i5-10300H CPU @ 2.50GHz, 8 cores, 15G,  Windows 11 , 64 bit Build 22621 (10.0.22621.3958)
Time: Sun May 18 01:16:06 2025 Egypt Summer Time elapsed time: 0.020856 seconds (0d 0h 0m 0s)

---------------  T H R E A D  ---------------

Current thread (0x000001fbbbba09f0):  JavaThread "Unknown thread" [_thread_in_vm, id=38600, stack(0x000000b0a8b00000,0x000000b0a8c00000) (1024K)]

Stack: [0x000000b0a8b00000,0x000000b0a8c00000]
Native frames: (J=compiled Java code, j=interpreted, Vv=VM code, C=native code)
V  [jvm.dll+0x6e08a9]  (no source info available)
V  [jvm.dll+0x87da63]  (no source info available)
V  [jvm.dll+0x87feee]  (no source info available)
V  [jvm.dll+0x8805c3]  (no source info available)
V  [jvm.dll+0x27aee6]  (no source info available)
V  [jvm.dll+0x6dd1b5]  (no source info available)
V  [jvm.dll+0x6d103a]  (no source info available)
V  [jvm.dll+0x35b3ea]  (no source info available)
V  [jvm.dll+0x3637f6]  (no source info available)
V  [jvm.dll+0x34fd5e]  (no source info available)
V  [jvm.dll+0x34fff8]  (no source info available)
V  [jvm.dll+0x3289cc]  (no source info available)
V  [jvm.dll+0x32966e]  (no source info available)
V  [jvm.dll+0x8442e5]  (no source info available)
V  [jvm.dll+0x3b9848]  (no source info available)
V  [jvm.dll+0x82d0dc]  (no source info available)
V  [jvm.dll+0x454d4e]  (no source info available)
V  [jvm.dll+0x456bd1]  (no source info available)
C  [jli.dll+0x52a3]  (no source info available)
C  [ucrtbase.dll+0x29333]  (no source info available)
C  [KERNEL32.DLL+0x1257d]  (no source info available)
C  [ntdll.dll+0x5af08]  (no source info available)

Lock stack of current Java thread (top to bottom):


---------------  P R O C E S S  ---------------

Threads class SMR info:
_java_thread_list=0x00007ffc03e33618, length=0, elements={
}

Java Threads: ( => current thread )
Total: 0

Other Threads:
  0x000001fbbde45c90 WorkerThread "GC Thread#0"                     [id=30396, stack(0x000000b0a8c00000,0x000000b0a8d00000) (1024K)]
  0x000001fbbde5aa60 ConcurrentGCThread "G1 Main Marker"            [id=19068, stack(0x000000b0a8d00000,0x000000b0a8e00000) (1024K)]
  0x000001fbbde5b720 WorkerThread "G1 Conc#0"                       [id=34716, stack(0x000000b0a8e00000,0x000000b0a8f00000) (1024K)]

[error occurred during error reporting (printing all threads), id 0xc0000005, EXCEPTION_ACCESS_VIOLATION (0xc0000005) at pc=0x00007ffc0357bfba]
VM state: not at safepoint (not fully initialized)

VM Mutex/Monitor currently owned by a thread:  ([mutex/lock_event])
[0x00007ffc03eb3a10] Heap_lock - owner thread: 0x000001fbbbba09f0

Heap address: 0x0000000702000000, size: 4064 MB, Compressed Oops mode: Zero based, Oop shift amount: 3

CDS archive(s) mapped at: [0x0000000000000000-0x0000000000000000-0x0000000000000000), size 0, SharedBaseAddress: 0x0000000800000000, ArchiveRelocationMode: 1.
Narrow klass base: 0x0000000000000000, Narrow klass shift: 0, Narrow klass range: 0x0

GC Precious Log:
 CardTable entry size: 512
 Card Set container configuration: InlinePtr #cards 4 size 8 Array Of Cards #cards 16 size 48 Howl #buckets 8 coarsen threshold 3686 Howl Bitmap #cards 512 size 80 coarsen threshold 460 Card regions per heap region 1 cards per card region 4096

Heap:
 garbage-first heap   total reserved 4161536K, committed 0K, used 0K [0x0000000702000000, 0x0000000800000000)
  region size 2048K, 0 young (0K), 0 survivors (0K)

[error occurred during error reporting (printing heap information), id 0xc0000005, EXCEPTION_ACCESS_VIOLATION (0xc0000005) at pc=0x00007ffc0397c3b9]
GC Heap History (0 events):
No events

Dll operation events (1 events):
Event: 0.006 Loaded shared library C:\Program Files\Java\jdk-23\bin\java.dll

Deoptimization events (0 events):
No events

Classes loaded (0 events):
No events

Classes unloaded (0 events):
No events

Classes redefined (0 events):
No events

Internal exceptions (0 events):
No events

VM Operations (0 events):
No events

Memory protections (0 events):
No events

Nmethod flushes (0 events):
No events

Events (0 events):
No events


Dynamic libraries:
0x00007ff610000000 - 0x00007ff610010000 	C:\Program Files\Java\jdk-23\bin\java.exe
0x00007ffc91970000 - 0x00007ffc91b87000 	C:\WINDOWS\SYSTEM32\ntdll.dll
0x00007ffc91100000 - 0x00007ffc911c4000 	C:\WINDOWS\System32\KERNEL32.DLL
0x00007ffc8ed00000 - 0x00007ffc8f0b7000 	C:\WINDOWS\System32\KERNELBASE.dll
0x00007ffc8f0c0000 - 0x00007ffc8f1d1000 	C:\WINDOWS\System32\ucrtbase.dll
0x00007ffc708b0000 - 0x00007ffc708c7000 	C:\Program Files\Java\jdk-23\bin\jli.dll
0x00007ffc75a30000 - 0x00007ffc75a4b000 	C:\Program Files\Java\jdk-23\bin\VCRUNTIME140.dll
0x00007ffc91530000 - 0x00007ffc916df000 	C:\WINDOWS\System32\USER32.dll
0x00007ffc779a0000 - 0x00007ffc77c33000 	C:\WINDOWS\WinSxS\amd64_microsoft.windows.common-controls_6595b64144ccf1df_6.0.22621.3672_none_2713b9d173822955\COMCTL32.dll
0x00007ffc8f510000 - 0x00007ffc8f536000 	C:\WINDOWS\System32\win32u.dll
0x00007ffc91480000 - 0x00007ffc91527000 	C:\WINDOWS\System32\msvcrt.dll
0x00007ffc90e30000 - 0x00007ffc90e59000 	C:\WINDOWS\System32\GDI32.dll
0x00007ffc8f350000 - 0x00007ffc8f468000 	C:\WINDOWS\System32\gdi32full.dll
0x00007ffc8f600000 - 0x00007ffc8f69a000 	C:\WINDOWS\System32\msvcp_win.dll
0x00007ffc90ee0000 - 0x00007ffc90f11000 	C:\WINDOWS\System32\IMM32.DLL
0x00007ffc89ac0000 - 0x00007ffc89acc000 	C:\Program Files\Java\jdk-23\bin\vcruntime140_1.dll
0x00007ffc534e0000 - 0x00007ffc5356e000 	C:\Program Files\Java\jdk-23\bin\msvcp140.dll
0x00007ffc03240000 - 0x00007ffc03f8f000 	C:\Program Files\Java\jdk-23\bin\server\jvm.dll
0x00007ffc91810000 - 0x00007ffc918c2000 	C:\WINDOWS\System32\ADVAPI32.dll
0x00007ffc90310000 - 0x00007ffc903b8000 	C:\WINDOWS\System32\sechost.dll
0x00007ffc8f4e0000 - 0x00007ffc8f508000 	C:\WINDOWS\System32\bcrypt.dll
0x00007ffc90fb0000 - 0x00007ffc910c4000 	C:\WINDOWS\System32\RPCRT4.dll
0x00007ffc90e60000 - 0x00007ffc90ed1000 	C:\WINDOWS\System32\WS2_32.dll
0x00007ffc8daf0000 - 0x00007ffc8db3d000 	C:\WINDOWS\SYSTEM32\POWRPROF.dll
0x00007ffc89920000 - 0x00007ffc8992a000 	C:\WINDOWS\SYSTEM32\VERSION.dll
0x00007ffc89a20000 - 0x00007ffc89a54000 	C:\WINDOWS\SYSTEM32\WINMM.dll
0x00007ffc8dad0000 - 0x00007ffc8dae3000 	C:\WINDOWS\SYSTEM32\UMPDC.dll
0x00007ffc8dd80000 - 0x00007ffc8dd98000 	C:\WINDOWS\SYSTEM32\kernel.appcore.dll
0x00007ffc7a3e0000 - 0x00007ffc7a3ea000 	C:\Program Files\Java\jdk-23\bin\jimage.dll
0x00007ffc8c570000 - 0x00007ffc8c7a2000 	C:\WINDOWS\SYSTEM32\DBGHELP.DLL
0x00007ffc8f710000 - 0x00007ffc8fa9e000 	C:\WINDOWS\System32\combase.dll
0x00007ffc90540000 - 0x00007ffc90617000 	C:\WINDOWS\System32\OLEAUT32.dll
0x00007ffc7b630000 - 0x00007ffc7b662000 	C:\WINDOWS\SYSTEM32\dbgcore.DLL
0x00007ffc8ec80000 - 0x00007ffc8ecfb000 	C:\WINDOWS\System32\bcryptPrimitives.dll
0x00007ffc70480000 - 0x00007ffc7049e000 	C:\Program Files\Java\jdk-23\bin\java.dll
0x00007ffc912d0000 - 0x00007ffc91475000 	C:\WINDOWS\System32\ole32.dll
0x00007ffc8faa0000 - 0x00007ffc90309000 	C:\WINDOWS\System32\SHELL32.dll

dbghelp: loaded successfully - version: 4.0.5 - missing functions: none
symbol engine: initialized successfully - sym options: 0x614 - pdb path: .;C:\Program Files\Java\jdk-23\bin;C:\WINDOWS\SYSTEM32;C:\WINDOWS\WinSxS\amd64_microsoft.windows.common-controls_6595b64144ccf1df_6.0.22621.3672_none_2713b9d173822955;C:\Program Files\Java\jdk-23\bin\server

VM Arguments:
jvm_args: -Dclassworlds.conf=C:\Program Files\Apache-Maven\apache-maven-3.9.9\bin\m2.conf -Dmaven.home=C:\Program Files\Apache-Maven\apache-maven-3.9.9 -Dlibrary.jansi.path=C:\Program Files\Apache-Maven\apache-maven-3.9.9\lib\jansi-native -Dmaven.multiModuleProjectDirectory=C:\Users\Ronyz\OneDrive\Desktop\Sem 10\ACL\final Project 1\AdminService 
java_command: org.codehaus.plexus.classworlds.launcher.Launcher clean install -DskipTests
java_class_path (initial): C:\Program Files\Apache-Maven\apache-maven-3.9.9\boot\plexus-classworlds-2.8.0.jar
Launcher Type: SUN_STANDARD

[Global flags]
     intx CICompilerCount                          = 4                                         {product} {ergonomic}
     uint ConcGCThreads                            = 2                                         {product} {ergonomic}
     uint G1ConcRefinementThreads                  = 8                                         {product} {ergonomic}
   size_t G1HeapRegionSize                         = 2097152                                   {product} {ergonomic}
   size_t InitialHeapSize                          = 266338304                                 {product} {ergonomic}
   size_t MarkStackSize                            = 4194304                                   {product} {ergonomic}
   size_t MarkStackSizeMax                         = 536870912                                 {product} {ergonomic}
   size_t MaxHeapSize                              = 4261412864                                {product} {ergonomic}
   size_t MinHeapDeltaBytes                        = 2097152                                   {product} {ergonomic}
   size_t MinHeapSize                              = 8388608                                   {product} {ergonomic}
    uintx NonNMethodCodeHeapSize                   = 5832704                                {pd product} {ergonomic}
    uintx NonProfiledCodeHeapSize                  = 122945536                              {pd product} {ergonomic}
    uintx ProfiledCodeHeapSize                     = 122880000                              {pd product} {ergonomic}
    uintx ReservedCodeCacheSize                    = 251658240                              {pd product} {ergonomic}
     bool SegmentedCodeCache                       = true                                      {product} {ergonomic}
   size_t SoftMaxHeapSize                          = 4261412864                             {manageable} {ergonomic}
     bool UseCompressedOops                        = true                           {product lp64_product} {ergonomic}
     bool UseG1GC                                  = true                                      {product} {ergonomic}
     bool UseLargePagesIndividualAllocation        = false                                  {pd product} {ergonomic}

Logging:
Log output configuration:
 #0: stdout all=warning uptime,level,tags foldmultilines=false
 #1: stderr all=off uptime,level,tags foldmultilines=false

Environment Variables:
PATH=C:\Program Files\Common Files\Oracle\Java\javapath;C:\Program Files\NVIDIA GPU Computing Toolkit\CUDA\v12.2\bin;C:\Program Files\NVIDIA GPU Computing Toolkit\CUDA\v12.2\libnvvp;C:\Program Files (x86)\Common Files\Intel\Shared Libraries\redist\intel64\compiler;C:\WINDOWS\system32;C:\WINDOWS;C:\WINDOWS\System32\Wbem;C:\WINDOWS\System32\WindowsPowerShell\v1.0\;C:\WINDOWS\System32\OpenSSH\;C:\Program Files (x86)\NVIDIA Corporation\PhysX\Common;C:\Program Files\NVIDIA Corporation\Nsight Compute 2023.2.2\;C:\Program Files\dotnet\;C:\Program Files\Git\cmd;C:\Program Files\Git\mingw64\bin;C:\Program Files\Git;C:\Users\Ronyz\OneDrive\Desktop\Roaming\npm;C:\ProgramData\chocolatey\bin;C:\Program Files\NVIDIA Corporation\NVIDIA app\NvDLISR;C:\Program Files (x86)\Windows Kits\10\Windows Performance Toolkit\;C:\Users\Ronyz\AppData\Local\nvm;C:\nvm4w\nodejs;C:\Program Files\nodejs\;C:\Program Files\Apache-Maven\apache-maven-3.9.9\bin;C:\Program Files\Docker\Docker\resources\bin;C:\Program Files\PostgreSQL\17\bin;c:\Users\Ronyz\AppData\Local\Programs\Trae\bin;C:\Users\Ronyz\AppData\Local\Microsoft\WindowsApps;C:\Users\Ronyz\AppData\Local\Programs\Microsoft VS Code\bin;C:\Users\Ronyz\AppData\Local\GitHubDesktop\bin;C:\Users\Ronyz\.dotnet\tools;C:\Users\Ronyz\AppData\Local\nvm;C:\nvm4w\nodejs;C:\Users\Ronyz\AppData\Roaming\npm;C:\Program Files\JetBrains\IntelliJ IDEA 2024.3.3\bin;
USERNAME=Ronyz
OS=Windows_NT
PROCESSOR_IDENTIFIER=Intel64 Family 6 Model 165 Stepping 2, GenuineIntel
TMP=C:\Users\Ronyz\AppData\Local\Temp
TEMP=C:\Users\Ronyz\AppData\Local\Temp




Periodic native trim disabled

---------------  S Y S T E M  ---------------

OS:
 Windows 11 , 64 bit Build 22621 (10.0.22621.3958)
OS uptime: 23 days 1:55 hours
Hyper-V role detected

CPU: total 8 (initial active 8) (4 cores per cpu, 2 threads per core) family 6 model 165 stepping 2 microcode 0xf6, cx8, cmov, fxsr, ht, mmx, 3dnowpref, sse, sse2, sse3, ssse3, sse4.1, sse4.2, popcnt, lzcnt, tsc, tscinvbit, avx, avx2, aes, erms, clmul, bmi1, bmi2, adx, fma, vzeroupper, clflush, clflushopt, hv, rdtscp, f16c
Processor Information for the first 8 processors :
  Max Mhz: 2496, Current Mhz: 2496, Mhz Limit: 2496

Memory: 4k page, system-wide physical 16251M (1553M free)
TotalPageFile size 31251M (AvailPageFile size 168M)
current process WorkingSet (physical memory assigned to process): 12M, peak: 12M
current process commit charge ("private bytes"): 60M, peak: 314M

vm_info: Java HotSpot(TM) 64-Bit Server VM (23+37-2369) for windows-amd64 JRE (23+37-2369), built on 2024-08-20T16:01:23Z with MS VC++ 17.6 (VS2022)

END.
